de juny 02, 2025 3:33:39 P. M. CC_vistaCodigoInterfaz_03.PantallaBienvenida <init>
INFO: Inicializando PantallaBienvenida...
de juny 02, 2025 3:33:39 P. M. CC_vistaCodigoInterfaz_03.PantallaBienvenida <init>
INFO: PantallaBienvenida inicializada correctamente.
de juny 02, 2025 3:36:55 P. M. CC_vistaCodigoInterfaz_03.PantallaBienvenida <init>
INFO: Inicializando PantallaBienvenida...
de juny 02, 2025 3:36:55 P. M. CC_vistaCodigoInterfaz_03.PantallaBienvenida <init>
INFO: PantallaBienvenida inicializada correctamente.
de juny 02, 2025 3:39:08 P. M. CC_vistaCodigoInterfaz_03.PantallaBienvenida <init>
INFO: Inicializando PantallaBienvenida...
de juny 02, 2025 3:39:08 P. M. CC_vistaCodigoInterfaz_03.PantallaBienvenida <init>
INFO: PantallaBienvenida inicializada correctamente.
de juny 02, 2025 3:41:30 P. M. CC_vistaCodigoInterfaz_03.PantallaBienvenida <init>
INFO: Inicializando PantallaBienvenida...
de juny 02, 2025 3:41:30 P. M. CC_vistaCodigoInterfaz_03.PantallaBienvenida <init>
INFO: PantallaBienvenida inicializada correctamente.
de juny 02, 2025 3:41:35 P. M. CC_vistaCodigoInterfaz_03.PantallaBienvenida accionBoton
INFO: Botón presionado: Salir del Juego
de juny 02, 2025 3:41:37 P. M. CC_vistaCodigoInterfaz_03.PantallaBienvenida confirmarSalida
INFO: Cerrando aplicación...
de juny 02, 2025 3:42:31 P. M. CC_vistaCodigoInterfaz_03.PantallaBienvenida <init>
INFO: Inicializando PantallaBienvenida...
de juny 02, 2025 3:42:32 P. M. CC_vistaCodigoInterfaz_03.PantallaBienvenida <init>
INFO: PantallaBienvenida inicializada correctamente.
de juny 02, 2025 3:46:42 P. M. CC_vistaCodigoInterfaz_03.PantallaBienvenida <init>
INFO: Inicializando PantallaBienvenida...
de juny 02, 2025 3:46:42 P. M. CC_vistaCodigoInterfaz_03.PantallaBienvenida <init>
INFO: PantallaBienvenida inicializada correctamente.
de juny 02, 2025 3:48:58 P. M. CC_vistaCodigoInterfaz_03.PantallaBienvenida accionBoton
INFO: Botón presionado: Salir del Juego
de juny 02, 2025 3:48:58 P. M. CC_vistaCodigoInterfaz_03.PantallaBienvenida confirmarSalida
INFO: Cerrando aplicación...
de juny 02, 2025 3:49:12 P. M. CC_vistaCodigoInterfaz_03.PantallaBienvenida <init>
INFO: Inicializando PantallaBienvenida...
de juny 02, 2025 3:49:12 P. M. CC_vistaCodigoInterfaz_03.PantallaBienvenida <init>
INFO: PantallaBienvenida inicializada correctamente.
de juny 02, 2025 3:49:20 P. M. CC_vistaCodigoInterfaz_03.PantallaBienvenida accionBoton
INFO: Botón presionado: Registrarse
de juny 02, 2025 3:49:20 P. M. CC_vistaCodigoInterfaz_03.PantallaBienvenida abrirPantalla
INFO: Registrarse abierta correctamente.
de juny 02, 2025 3:51:10 P. M. CC_vistaCodigoInterfaz_03.PantallaBienvenida <init>
INFO: Inicializando PantallaBienvenida...
de juny 02, 2025 3:51:10 P. M. CC_vistaCodigoInterfaz_03.PantallaBienvenida <init>
INFO: PantallaBienvenida inicializada correctamente.
de juny 02, 2025 3:51:13 P. M. CC_vistaCodigoInterfaz_03.PantallaBienvenida accionBoton
INFO: Botón presionado: Registrarse
de juny 02, 2025 3:51:13 P. M. CC_vistaCodigoInterfaz_03.PantallaBienvenida abrirPantalla
INFO: Registrarse abierta correctamente.
de juny 02, 2025 3:59:48 P. M. CC_vistaCodigoInterfaz_03.PantallaBienvenida <init>
INFO: Inicializando PantallaBienvenida...
de juny 02, 2025 3:59:48 P. M. CC_vistaCodigoInterfaz_03.PantallaBienvenida <init>
INFO: PantallaBienvenida inicializada correctamente.
de juny 02, 2025 4:01:39 P. M. CC_vistaCodigoInterfaz_03.PantallaBienvenida accionBoton
INFO: Botón presionado: Salir del Juego
de juny 02, 2025 4:01:39 P. M. CC_vistaCodigoInterfaz_03.PantallaBienvenida confirmarSalida
INFO: Cerrando aplicación...
de juny 02, 2025 4:01:43 P. M. CC_vistaCodigoInterfaz_03.PantallaBienvenida <init>
INFO: Inicializando PantallaBienvenida...
de juny 02, 2025 4:01:43 P. M. CC_vistaCodigoInterfaz_03.PantallaBienvenida <init>
INFO: PantallaBienvenida inicializada correctamente.
de juny 02, 2025 4:01:47 P. M. CC_vistaCodigoInterfaz_03.PantallaBienvenida accionBoton
INFO: Botón presionado: Registrarse
de juny 02, 2025 4:01:47 P. M. CC_vistaCodigoInterfaz_03.PantallaBienvenida abrirPantalla
INFO: Registrarse abierta correctamente.
de juny 02, 2025 4:03:55 P. M. CC_vistaCodigoInterfaz_03.PantallaBienvenida <init>
INFO: Inicializando PantallaBienvenida...
de juny 02, 2025 4:03:55 P. M. CC_vistaCodigoInterfaz_03.PantallaBienvenida <init>
INFO: PantallaBienvenida inicializada correctamente.
de juny 02, 2025 4:03:58 P. M. CC_vistaCodigoInterfaz_03.PantallaBienvenida accionBoton
INFO: Botón presionado: Registrarse
de juny 02, 2025 4:03:58 P. M. CC_vistaCodigoInterfaz_03.PantallaBienvenida abrirPantalla
INFO: Registrarse abierta correctamente.
de juny 02, 2025 4:15:33 P. M. CC_vistaCodigoInterfaz_03.PantallaBienvenida <init>
INFO: Inicializando PantallaBienvenida...
de juny 02, 2025 4:15:33 P. M. CC_vistaCodigoInterfaz_03.PantallaBienvenida <init>
INFO: PantallaBienvenida inicializada correctamente.
de juny 02, 2025 4:16:48 P. M. CC_vistaCodigoInterfaz_03.PantallaBienvenida <init>
INFO: Inicializando PantallaBienvenida...
de juny 02, 2025 4:16:48 P. M. CC_vistaCodigoInterfaz_03.PantallaBienvenida <init>
INFO: PantallaBienvenida inicializada correctamente.
de juny 02, 2025 4:16:52 P. M. CC_vistaCodigoInterfaz_03.PantallaBienvenida accionBoton
INFO: Botón presionado: Salir del Juego
de juny 02, 2025 4:16:52 P. M. CC_vistaCodigoInterfaz_03.PantallaBienvenida confirmarSalida
INFO: Cerrando aplicación...
de juny 02, 2025 4:21:08 P. M. CC_vistaCodigoInterfaz_03.PantallaBienvenida <init>
INFO: Inicializando PantallaBienvenida...
de juny 02, 2025 4:21:08 P. M. CC_vistaCodigoInterfaz_03.PantallaBienvenida <init>
INFO: PantallaBienvenida inicializada correctamente.
de juny 02, 2025 4:23:23 P. M. CC_vistaCodigoInterfaz_03.PantallaBienvenida <init>
INFO: Inicializando PantallaBienvenida...
de juny 02, 2025 4:23:23 P. M. CC_vistaCodigoInterfaz_03.PantallaBienvenida <init>
INFO: PantallaBienvenida inicializada correctamente.
de juny 02, 2025 4:23:34 P. M. CC_vistaCodigoInterfaz_03.PantallaBienvenida accionBoton
INFO: Botón presionado: Salir del Juego
de juny 02, 2025 4:23:35 P. M. CC_vistaCodigoInterfaz_03.PantallaBienvenida confirmarSalida
INFO: Cerrando aplicación...
de juny 02, 2025 4:25:37 P. M. CC_vistaCodigoInterfaz_03.PantallaBienvenida <init>
INFO: Inicializando PantallaBienvenida...
de juny 02, 2025 4:25:37 P. M. CC_vistaCodigoInterfaz_03.PantallaBienvenida <init>
INFO: PantallaBienvenida inicializada correctamente.
de juny 02, 2025 4:26:40 P. M. CC_vistaCodigoInterfaz_03.PantallaBienvenida accionBoton
INFO: Botón presionado: Salir del Juego
de juny 02, 2025 4:26:40 P. M. CC_vistaCodigoInterfaz_03.PantallaBienvenida confirmarSalida
INFO: Cerrando aplicación...
de juny 02, 2025 4:26:47 P. M. CC_vistaCodigoInterfaz_03.PantallaBienvenida <init>
INFO: Inicializando PantallaBienvenida...
de juny 02, 2025 4:26:47 P. M. CC_vistaCodigoInterfaz_03.PantallaBienvenida <init>
INFO: PantallaBienvenida inicializada correctamente.
de juny 02, 2025 4:27:36 P. M. CC_vistaCodigoInterfaz_03.PantallaBienvenida <init>
INFO: Inicializando PantallaBienvenida...
de juny 02, 2025 4:27:36 P. M. CC_vistaCodigoInterfaz_03.PantallaBienvenida <init>
INFO: PantallaBienvenida inicializada correctamente.
de juny 02, 2025 4:29:19 P. M. CC_vistaCodigoInterfaz_03.PantallaBienvenida <init>
INFO: Inicializando PantallaBienvenida...
de juny 02, 2025 4:29:19 P. M. CC_vistaCodigoInterfaz_03.PantallaBienvenida <init>
INFO: PantallaBienvenida inicializada correctamente.
de juny 02, 2025 4:29:21 P. M. CC_vistaCodigoInterfaz_03.PantallaBienvenida accionBoton
INFO: Botón presionado: Salir del Juego
de juny 02, 2025 4:29:21 P. M. CC_vistaCodigoInterfaz_03.PantallaBienvenida confirmarSalida
INFO: Cerrando aplicación...
de juny 02, 2025 4:30:32 P. M. CC_vistaCodigoInterfaz_03.PantallaBienvenida <init>
INFO: Inicializando PantallaBienvenida...
de juny 02, 2025 4:30:32 P. M. CC_vistaCodigoInterfaz_03.PantallaBienvenida <init>
INFO: PantallaBienvenida inicializada correctamente.
de juny 02, 2025 4:31:35 P. M. CC_vistaCodigoInterfaz_03.PantallaBienvenida <init>
INFO: Inicializando PantallaBienvenida...
de juny 02, 2025 4:31:35 P. M. CC_vistaCodigoInterfaz_03.PantallaBienvenida <init>
INFO: PantallaBienvenida inicializada correctamente.
de juny 02, 2025 4:31:42 P. M. CC_vistaCodigoInterfaz_03.PantallaBienvenida accionBoton
INFO: Botón presionado: Registrarse
de juny 02, 2025 4:31:42 P. M. CC_vistaCodigoInterfaz_03.PantallaBienvenida abrirPantalla
INFO: Registrarse abierta correctamente.
de juny 02, 2025 4:33:17 P. M. CC_vistaCodigoInterfaz_03.PantallaBienvenida <init>
INFO: Inicializando PantallaBienvenida...
de juny 02, 2025 4:33:17 P. M. CC_vistaCodigoInterfaz_03.PantallaBienvenida <init>
INFO: PantallaBienvenida inicializada correctamente.
de juny 02, 2025 4:33:18 P. M. CC_vistaCodigoInterfaz_03.PantallaBienvenida accionBoton
INFO: Botón presionado: Registrarse
de juny 02, 2025 4:33:18 P. M. CC_vistaCodigoInterfaz_03.PantallaBienvenida abrirPantalla
INFO: Registrarse abierta correctamente.
de juny 02, 2025 4:37:19 P. M. CC_vistaCodigoInterfaz_03.PantallaBienvenida <init>
INFO: Inicializando PantallaBienvenida...
de juny 02, 2025 4:37:19 P. M. CC_vistaCodigoInterfaz_03.PantallaBienvenida <init>
INFO: PantallaBienvenida inicializada correctamente.
de juny 02, 2025 4:38:14 P. M. CC_vistaCodigoInterfaz_03.PantallaBienvenida accionBoton
INFO: Botón presionado: Salir del Juego
de juny 02, 2025 4:38:15 P. M. CC_vistaCodigoInterfaz_03.PantallaBienvenida confirmarSalida
INFO: Cerrando aplicación...
de juny 02, 2025 4:38:23 P. M. CC_vistaCodigoInterfaz_03.PantallaBienvenida <init>
INFO: Inicializando PantallaBienvenida...
de juny 02, 2025 4:38:24 P. M. CC_vistaCodigoInterfaz_03.PantallaBienvenida <init>
INFO: PantallaBienvenida inicializada correctamente.
de juny 02, 2025 4:38:25 P. M. CC_vistaCodigoInterfaz_03.PantallaBienvenida accionBoton
INFO: Botón presionado: Registrarse
de juny 02, 2025 4:38:25 P. M. CC_vistaCodigoInterfaz_03.PantallaBienvenida abrirPantalla
INFO: Registrarse abierta correctamente.
de juny 02, 2025 4:38:37 P. M. CC_vistaCodigoInterfaz_03.PantallaBienvenida <init>
INFO: Inicializando PantallaBienvenida...
de juny 02, 2025 4:38:37 P. M. CC_vistaCodigoInterfaz_03.PantallaBienvenida <init>
INFO: PantallaBienvenida inicializada correctamente.
de juny 02, 2025 4:38:38 P. M. CC_vistaCodigoInterfaz_03.PantallaBienvenida accionBoton
INFO: Botón presionado: Salir del Juego
de juny 02, 2025 4:38:38 P. M. CC_vistaCodigoInterfaz_03.PantallaBienvenida confirmarSalida
INFO: Cerrando aplicación...
de juny 02, 2025 4:47:02 P. M. CC_vistaCodigoInterfaz_03.PantallaBienvenida <init>
INFO: Inicializando PantallaBienvenida...
de juny 02, 2025 4:47:02 P. M. CC_vistaCodigoInterfaz_03.PantallaBienvenida <init>
INFO: PantallaBienvenida inicializada correctamente.
de juny 02, 2025 4:47:04 P. M. CC_vistaCodigoInterfaz_03.PantallaBienvenida accionBoton
INFO: Botón presionado: Registrarse
de juny 02, 2025 4:47:04 P. M. CC_vistaCodigoInterfaz_03.PantallaBienvenida abrirPantalla
INFO: Registrarse abierta correctamente.
de juny 02, 2025 4:49:32 P. M. CC_vistaCodigoInterfaz_03.PantallaBienvenida <init>
INFO: Inicializando PantallaBienvenida...
de juny 02, 2025 4:49:32 P. M. CC_vistaCodigoInterfaz_03.PantallaBienvenida <init>
INFO: PantallaBienvenida inicializada correctamente.
de juny 02, 2025 4:49:33 P. M. CC_vistaCodigoInterfaz_03.PantallaBienvenida accionBoton
INFO: Botón presionado: Registrarse
de juny 02, 2025 4:49:33 P. M. CC_vistaCodigoInterfaz_03.PantallaBienvenida abrirPantalla
INFO: Registrarse abierta correctamente.
de juny 02, 2025 4:52:39 P. M. CC_vistaCodigoInterfaz_03.PantallaBienvenida <init>
INFO: Inicializando PantallaBienvenida...
de juny 02, 2025 4:52:39 P. M. CC_vistaCodigoInterfaz_03.PantallaBienvenida <init>
INFO: PantallaBienvenida inicializada correctamente.
de juny 02, 2025 4:52:43 P. M. CC_vistaCodigoInterfaz_03.PantallaBienvenida accionBoton
INFO: Botón presionado: Registrarse
de juny 02, 2025 4:52:43 P. M. CC_vistaCodigoInterfaz_03.PantallaBienvenida abrirPantalla
INFO: Registrarse abierta correctamente.
de juny 02, 2025 4:53:17 P. M. CC_vistaCodigoInterfaz_03.PantallaBienvenida <init>
INFO: Inicializando PantallaBienvenida...
de juny 02, 2025 4:53:17 P. M. CC_vistaCodigoInterfaz_03.PantallaBienvenida <init>
INFO: PantallaBienvenida inicializada correctamente.
de juny 02, 2025 4:53:19 P. M. CC_vistaCodigoInterfaz_03.PantallaBienvenida accionBoton
INFO: Botón presionado: Salir del Juego
de juny 02, 2025 4:53:20 P. M. CC_vistaCodigoInterfaz_03.PantallaBienvenida confirmarSalida
INFO: Cerrando aplicación...
de juny 02, 2025 4:57:07 P. M. CC_vistaCodigoInterfaz_03.PantallaBienvenida <init>
INFO: Inicializando PantallaBienvenida...
de juny 02, 2025 4:57:07 P. M. CC_vistaCodigoInterfaz_03.PantallaBienvenida <init>
INFO: PantallaBienvenida inicializada correctamente.
de juny 02, 2025 4:58:39 P. M. CC_vistaCodigoInterfaz_03.PantallaBienvenida <init>
INFO: Inicializando PantallaBienvenida...
de juny 02, 2025 4:58:39 P. M. CC_vistaCodigoInterfaz_03.PantallaBienvenida <init>
INFO: PantallaBienvenida inicializada correctamente.
de juny 02, 2025 4:58:43 P. M. CC_vistaCodigoInterfaz_03.PantallaBienvenida accionBoton
INFO: Botón presionado: Registrarse
de juny 02, 2025 4:58:43 P. M. CC_vistaCodigoInterfaz_03.PantallaBienvenida abrirPantalla
INFO: Registrarse abierta correctamente.
de juny 02, 2025 5:29:22 P. M. CC_vistaCodigoInterfaz_03.PantallaBienvenida <init>
INFO: Inicializando PantallaBienvenida...
de juny 02, 2025 5:29:22 P. M. CC_vistaCodigoInterfaz_03.PantallaBienvenida <init>
INFO: PantallaBienvenida inicializada correctamente.
de juny 02, 2025 6:38:42 P. M. CC_vistaCodigoInterfaz_03.PantallaBienvenida <init>
INFO: Inicializando PantallaBienvenida...
de juny 02, 2025 6:38:42 P. M. CC_vistaCodigoInterfaz_03.PantallaBienvenida <init>
INFO: PantallaBienvenida inicializada correctamente.
de juny 02, 2025 6:38:44 P. M. CC_vistaCodigoInterfaz_03.PantallaBienvenida accionBoton
INFO: Botón presionado: Registrarse
de juny 02, 2025 6:38:44 P. M. CC_vistaCodigoInterfaz_03.PantallaBienvenida abrirPantalla
INFO: Registrarse abierta correctamente.
de juny 02, 2025 6:41:31 P. M. CC_vistaCodigoInterfaz_03.PantallaBienvenida <init>
INFO: Inicializando PantallaBienvenida...
de juny 02, 2025 6:41:31 P. M. CC_vistaCodigoInterfaz_03.PantallaBienvenida <init>
INFO: PantallaBienvenida inicializada correctamente.
de juny 02, 2025 6:41:34 P. M. CC_vistaCodigoInterfaz_03.PantallaBienvenida accionBoton
INFO: Botón presionado: Registrarse
de juny 02, 2025 6:41:34 P. M. CC_vistaCodigoInterfaz_03.PantallaBienvenida abrirPantalla
INFO: Registrarse abierta correctamente.
de juny 04, 2025 3:40:11 P. M. CC_vistaCodigoInterfaz_03.PantallaBienvenida <init>
INFO: Inicializando PantallaBienvenida...
de juny 04, 2025 3:40:11 P. M. CC_vistaCodigoInterfaz_03.PantallaBienvenida <init>
INFO: PantallaBienvenida inicializada correctamente.
de juny 04, 2025 3:41:14 P. M. CC_vistaCodigoInterfaz_03.PantallaBienvenida <init>
INFO: Inicializando PantallaBienvenida...
de juny 04, 2025 3:41:14 P. M. CC_vistaCodigoInterfaz_03.PantallaBienvenida <init>
INFO: PantallaBienvenida inicializada correctamente.
de juny 04, 2025 3:50:58 P. M. CC_vistaCodigoInterfaz_03.PantallaBienvenida <init>
INFO: Inicializando PantallaBienvenida...
de juny 04, 2025 3:50:58 P. M. CC_vistaCodigoInterfaz_03.PantallaBienvenida <init>
INFO: PantallaBienvenida inicializada correctamente.
de juny 04, 2025 3:51:06 P. M. CC_vistaCodigoInterfaz_03.PantallaBienvenida accionBoton
INFO: Botón presionado: Registrarse
de juny 04, 2025 3:51:06 P. M. CC_vistaCodigoInterfaz_03.PantallaBienvenida abrirPantalla
INFO: Registrarse abierta correctamente.
de juny 04, 2025 4:56:57 P. M. CC_vistaCodigoInterfaz_03.PantallaBienvenida <init>
INFO: Inicializando PantallaBienvenida...
de juny 04, 2025 4:56:57 P. M. CC_vistaCodigoInterfaz_03.PantallaBienvenida <init>
INFO: PantallaBienvenida inicializada correctamente.
de juny 04, 2025 4:56:59 P. M. CC_vistaCodigoInterfaz_03.PantallaBienvenida accionBoton
INFO: Botón presionado: Registrarse
de juny 04, 2025 4:56:59 P. M. CC_vistaCodigoInterfaz_03.PantallaBienvenida abrirPantalla
INFO: Registrarse abierta correctamente.
de juny 04, 2025 4:57:47 P. M. CC_vistaCodigoInterfaz_03.PantallaBienvenida <init>
INFO: Inicializando PantallaBienvenida...
de juny 04, 2025 4:57:47 P. M. CC_vistaCodigoInterfaz_03.PantallaBienvenida <init>
INFO: PantallaBienvenida inicializada correctamente.
de juny 04, 2025 4:57:48 P. M. CC_vistaCodigoInterfaz_03.PantallaBienvenida accionBoton
INFO: Botón presionado: Registrarse
de juny 04, 2025 4:57:48 P. M. CC_vistaCodigoInterfaz_03.PantallaBienvenida abrirPantalla
INFO: Registrarse abierta correctamente.
de juny 04, 2025 4:58:34 P. M. CC_vistaCodigoInterfaz_03.PantallaBienvenida <init>
INFO: Inicializando PantallaBienvenida...
de juny 04, 2025 4:58:34 P. M. CC_vistaCodigoInterfaz_03.PantallaBienvenida <init>
INFO: PantallaBienvenida inicializada correctamente.
de juny 04, 2025 4:58:35 P. M. CC_vistaCodigoInterfaz_03.PantallaBienvenida accionBoton
INFO: Botón presionado: Registrarse
de juny 04, 2025 4:58:35 P. M. CC_vistaCodigoInterfaz_03.PantallaBienvenida abrirPantalla
INFO: Registrarse abierta correctamente.
de juny 04, 2025 5:00:56 P. M. CC_vistaCodigoInterfaz_03.PantallaBienvenida <init>
INFO: Inicializando PantallaBienvenida...
de juny 04, 2025 5:00:56 P. M. CC_vistaCodigoInterfaz_03.PantallaBienvenida <init>
INFO: PantallaBienvenida inicializada correctamente.
de juny 04, 2025 5:00:57 P. M. CC_vistaCodigoInterfaz_03.PantallaBienvenida accionBoton
INFO: Botón presionado: Registrarse
de juny 04, 2025 5:00:57 P. M. CC_vistaCodigoInterfaz_03.PantallaBienvenida abrirPantalla
INFO: Registrarse abierta correctamente.
de juny 04, 2025 5:01:41 P. M. CC_vistaCodigoInterfaz_03.PantallaBienvenida <init>
INFO: Inicializando PantallaBienvenida...
de juny 04, 2025 5:01:41 P. M. CC_vistaCodigoInterfaz_03.PantallaBienvenida <init>
INFO: PantallaBienvenida inicializada correctamente.
de juny 04, 2025 5:01:42 P. M. CC_vistaCodigoInterfaz_03.PantallaBienvenida accionBoton
INFO: Botón presionado: Registrarse
de juny 04, 2025 5:01:42 P. M. CC_vistaCodigoInterfaz_03.PantallaBienvenida abrirPantalla
INFO: Registrarse abierta correctamente.
de juny 04, 2025 5:01:44 P. M. CC_vistaCodigoInterfaz_03.PantallaBienvenida <init>
INFO: Inicializando PantallaBienvenida...
de juny 04, 2025 5:01:44 P. M. CC_vistaCodigoInterfaz_03.PantallaBienvenida <init>
INFO: PantallaBienvenida inicializada correctamente.
de juny 04, 2025 5:01:45 P. M. CC_vistaCodigoInterfaz_03.PantallaBienvenida accionBoton
INFO: Botón presionado: Salir del Juego
de juny 04, 2025 5:01:45 P. M. CC_vistaCodigoInterfaz_03.PantallaBienvenida confirmarSalida
INFO: Cerrando aplicación...
de juny 04, 2025 5:04:26 P. M. CC_vistaCodigoInterfaz_03.PantallaBienvenida <init>
INFO: Inicializando PantallaBienvenida...
de juny 04, 2025 5:04:26 P. M. CC_vistaCodigoInterfaz_03.PantallaBienvenida <init>
INFO: PantallaBienvenida inicializada correctamente.
de juny 04, 2025 5:04:28 P. M. CC_vistaCodigoInterfaz_03.PantallaBienvenida accionBoton
INFO: Botón presionado: Registrarse
de juny 04, 2025 5:04:28 P. M. CC_vistaCodigoInterfaz_03.PantallaBienvenida abrirPantalla
INFO: Registrarse abierta correctamente.
de juny 04, 2025 5:04:30 P. M. CC_vistaCodigoInterfaz_03.PantallaBienvenida <init>
INFO: Inicializando PantallaBienvenida...
de juny 04, 2025 5:04:30 P. M. CC_vistaCodigoInterfaz_03.PantallaBienvenida <init>
INFO: PantallaBienvenida inicializada correctamente.
de juny 04, 2025 5:04:30 P. M. CC_vistaCodigoInterfaz_03.PantallaBienvenida accionBoton
INFO: Botón presionado: Salir del Juego
de juny 04, 2025 5:04:31 P. M. CC_vistaCodigoInterfaz_03.PantallaBienvenida confirmarSalida
INFO: Cerrando aplicación...
de juny 04, 2025 6:36:28 P. M. CC_vistaCodigoInterfaz_03.PantallaBienvenida <init>
INFO: Inicializando PantallaBienvenida...
de juny 04, 2025 6:36:28 P. M. CC_vistaCodigoInterfaz_03.PantallaBienvenida <init>
INFO: PantallaBienvenida inicializada correctamente.
de juny 04, 2025 6:36:30 P. M. CC_vistaCodigoInterfaz_03.PantallaBienvenida accionBoton
INFO: Botón presionado: Salir del Juego
de juny 04, 2025 6:36:31 P. M. CC_vistaCodigoInterfaz_03.PantallaBienvenida confirmarSalida
INFO: Cerrando aplicación...
de juny 04, 2025 6:43:58 P. M. CC_vistaCodigoInterfaz_03.PantallaBienvenida <init>
INFO: Inicializando PantallaBienvenida...
de juny 04, 2025 6:43:58 P. M. CC_vistaCodigoInterfaz_03.PantallaBienvenida <init>
INFO: PantallaBienvenida inicializada correctamente.
de juny 04, 2025 6:44:01 P. M. CC_vistaCodigoInterfaz_03.PantallaBienvenida accionBoton
INFO: Botón presionado: Iniciar Sesión
de juny 04, 2025 6:44:02 P. M. CC_vistaCodigoInterfaz_03.PantallaBienvenida abrirPantalla
INFO: IniciarSesion abierta correctamente.
de juny 04, 2025 6:44:03 P. M. CC_vistaCodigoInterfaz_03.PantallaBienvenida <init>
INFO: Inicializando PantallaBienvenida...
de juny 04, 2025 6:44:03 P. M. CC_vistaCodigoInterfaz_03.PantallaBienvenida <init>
INFO: PantallaBienvenida inicializada correctamente.
de juny 04, 2025 6:44:03 P. M. CC_vistaCodigoInterfaz_03.PantallaBienvenida accionBoton
INFO: Botón presionado: Iniciar Juego
de juny 04, 2025 6:45:37 P. M. CC_vistaCodigoInterfaz_03.PantallaBienvenida <init>
INFO: Inicializando PantallaBienvenida...
de juny 04, 2025 6:45:37 P. M. CC_vistaCodigoInterfaz_03.PantallaBienvenida <init>
INFO: PantallaBienvenida inicializada correctamente.
de juny 04, 2025 6:45:39 P. M. CC_vistaCodigoInterfaz_03.PantallaBienvenida accionBoton
INFO: Botón presionado: Iniciar Juego
de juny 04, 2025 6:47:29 P. M. CC_vistaCodigoInterfaz_03.PantallaBienvenida <init>
INFO: Inicializando PantallaBienvenida...
de juny 04, 2025 6:47:29 P. M. CC_vistaCodigoInterfaz_03.PantallaBienvenida <init>
INFO: PantallaBienvenida inicializada correctamente.
de juny 04, 2025 6:47:34 P. M. CC_vistaCodigoInterfaz_03.PantallaBienvenida accionBoton
INFO: Botón presionado: Iniciar Juego
de juny 04, 2025 6:48:32 P. M. CC_vistaCodigoInterfaz_03.PantallaBienvenida <init>
INFO: Inicializando PantallaBienvenida...
de juny 04, 2025 6:48:32 P. M. CC_vistaCodigoInterfaz_03.PantallaBienvenida <init>
INFO: PantallaBienvenida inicializada correctamente.
de juny 04, 2025 6:48:33 P. M. CC_vistaCodigoInterfaz_03.PantallaBienvenida accionBoton
INFO: Botón presionado: Iniciar Juego
de juny 04, 2025 6:50:34 P. M. CC_vistaCodigoInterfaz_03.PantallaBienvenida <init>
INFO: Inicializando PantallaBienvenida...
de juny 04, 2025 6:50:34 P. M. CC_vistaCodigoInterfaz_03.PantallaBienvenida <init>
INFO: PantallaBienvenida inicializada correctamente.
de juny 04, 2025 6:50:39 P. M. CC_vistaCodigoInterfaz_03.PantallaBienvenida accionBoton
INFO: Botón presionado: Iniciar Juego
de juny 04, 2025 6:53:05 P. M. CC_vistaCodigoInterfaz_03.PantallaBienvenida <init>
INFO: Inicializando PantallaBienvenida...
de juny 04, 2025 6:53:05 P. M. CC_vistaCodigoInterfaz_03.PantallaBienvenida <init>
INFO: PantallaBienvenida inicializada correctamente.
de juny 04, 2025 6:53:27 P. M. CC_vistaCodigoInterfaz_03.PantallaBienvenida accionBoton
INFO: Botón presionado: Salir del Juego
de juny 04, 2025 6:53:27 P. M. CC_vistaCodigoInterfaz_03.PantallaBienvenida confirmarSalida
INFO: Cerrando aplicación...
de juny 04, 2025 6:54:54 P. M. CC_vistaCodigoInterfaz_03.PantallaBienvenida <init>
INFO: Inicializando PantallaBienvenida...
de juny 04, 2025 6:54:54 P. M. CC_vistaCodigoInterfaz_03.PantallaBienvenida <init>
INFO: PantallaBienvenida inicializada correctamente.
de juny 04, 2025 6:54:58 P. M. CC_vistaCodigoInterfaz_03.PantallaBienvenida accionBoton
INFO: Botón presionado: Opciones del Juego
de juny 04, 2025 6:58:07 P. M. CC_vistaCodigoInterfaz_03.PantallaBienvenida <init>
INFO: Inicializando PantallaBienvenida...
de juny 04, 2025 6:58:07 P. M. CC_vistaCodigoInterfaz_03.PantallaBienvenida <init>
INFO: PantallaBienvenida inicializada correctamente.
de juny 04, 2025 6:58:09 P. M. CC_vistaCodigoInterfaz_03.PantallaBienvenida accionBoton
INFO: Botón presionado: Opciones del Juego
de juny 04, 2025 6:58:22 P. M. CC_vistaCodigoInterfaz_03.PantallaBienvenida <init>
INFO: Inicializando PantallaBienvenida...
de juny 04, 2025 6:58:22 P. M. CC_vistaCodigoInterfaz_03.PantallaBienvenida <init>
INFO: PantallaBienvenida inicializada correctamente.
de juny 04, 2025 6:59:11 P. M. CC_vistaCodigoInterfaz_03.PantallaBienvenida <init>
INFO: Inicializando PantallaBienvenida...
de juny 04, 2025 6:59:11 P. M. CC_vistaCodigoInterfaz_03.PantallaBienvenida <init>
INFO: PantallaBienvenida inicializada correctamente.
de juny 04, 2025 6:59:45 P. M. CC_vistaCodigoInterfaz_03.PantallaBienvenida <init>
INFO: Inicializando PantallaBienvenida...
de juny 04, 2025 6:59:45 P. M. CC_vistaCodigoInterfaz_03.PantallaBienvenida <init>
INFO: PantallaBienvenida inicializada correctamente.
de juny 04, 2025 7:34:16 P. M. CC_vistaCodigoInterfaz_03.PantallaBienvenida <init>
INFO: Inicializando PantallaBienvenida...
de juny 04, 2025 7:34:16 P. M. CC_vistaCodigoInterfaz_03.PantallaBienvenida <init>
INFO: PantallaBienvenida inicializada correctamente.
de juny 04, 2025 7:34:18 P. M. CC_vistaCodigoInterfaz_03.PantallaBienvenida accionBoton
INFO: Botón presionado: Registrarse
de juny 04, 2025 7:34:18 P. M. CC_vistaCodigoInterfaz_03.PantallaBienvenida abrirPantalla
INFO: Registrarse abierta correctamente.
de juny 04, 2025 7:34:19 P. M. CC_vistaCodigoInterfaz_03.PantallaBienvenida <init>
INFO: Inicializando PantallaBienvenida...
de juny 04, 2025 7:34:19 P. M. CC_vistaCodigoInterfaz_03.PantallaBienvenida <init>
INFO: PantallaBienvenida inicializada correctamente.
de juny 04, 2025 7:34:19 P. M. CC_vistaCodigoInterfaz_03.PantallaBienvenida accionBoton
INFO: Botón presionado: Iniciar Sesión
de juny 04, 2025 7:34:19 P. M. CC_vistaCodigoInterfaz_03.PantallaBienvenida abrirPantalla
INFO: IniciarSesion abierta correctamente.
de juny 04, 2025 7:34:20 P. M. CC_vistaCodigoInterfaz_03.PantallaBienvenida <init>
INFO: Inicializando PantallaBienvenida...
de juny 04, 2025 7:34:20 P. M. CC_vistaCodigoInterfaz_03.PantallaBienvenida <init>
INFO: PantallaBienvenida inicializada correctamente.
de juny 04, 2025 7:34:21 P. M. CC_vistaCodigoInterfaz_03.PantallaBienvenida accionBoton
INFO: Botón presionado: Iniciar Juego
de juny 04, 2025 7:46:31 P. M. CC_vistaCodigoInterfaz_03.PantallaBienvenida <init>
INFO: Inicializando PantallaBienvenida...
de juny 04, 2025 7:46:31 P. M. CC_vistaCodigoInterfaz_03.PantallaBienvenida <init>
INFO: PantallaBienvenida inicializada correctamente.
de juny 04, 2025 7:46:34 P. M. CC_vistaCodigoInterfaz_03.PantallaBienvenida accionBoton
INFO: Botón presionado: Registrarse
de juny 04, 2025 7:46:34 P. M. CC_vistaCodigoInterfaz_03.PantallaBienvenida abrirPantalla
INFO: Registrarse abierta correctamente.
de juny 04, 2025 7:48:49 P. M. CC_vistaCodigoInterfaz_03.PantallaBienvenida <init>
INFO: Inicializando PantallaBienvenida...
de juny 04, 2025 7:48:49 P. M. CC_vistaCodigoInterfaz_03.PantallaBienvenida <init>
INFO: PantallaBienvenida inicializada correctamente.
de juny 04, 2025 7:48:50 P. M. CC_vistaCodigoInterfaz_03.PantallaBienvenida accionBoton
INFO: Botón presionado: Registrarse
de juny 04, 2025 7:48:50 P. M. CC_vistaCodigoInterfaz_03.PantallaBienvenida abrirPantalla
INFO: Registrarse abierta correctamente.
jun 04, 2025 10:24:14 P. M. CC_vistaCodigoInterfaz_03.PantallaBienvenida <init>
INFORMACIÓN: Inicializando PantallaBienvenida...
jun 04, 2025 10:24:14 P. M. CC_vistaCodigoInterfaz_03.PantallaBienvenida <init>
INFORMACIÓN: PantallaBienvenida inicializada correctamente.
jun 04, 2025 10:24:19 P. M. CC_vistaCodigoInterfaz_03.PantallaBienvenida accionBoton
INFORMACIÓN: Botón presionado: Salir del Juego
jun 04, 2025 10:24:20 P. M. CC_vistaCodigoInterfaz_03.PantallaBienvenida confirmarSalida
INFORMACIÓN: Cerrando aplicación...
jun 04, 2025 10:29:37 P. M. CC_vistaCodigoInterfaz_03.PantallaBienvenida <init>
INFORMACIÓN: Inicializando PantallaBienvenida...
jun 04, 2025 10:29:37 P. M. CC_vistaCodigoInterfaz_03.PantallaBienvenida <init>
INFORMACIÓN: PantallaBienvenida inicializada correctamente.
jun 04, 2025 10:37:57 P. M. CC_vistaCodigoInterfaz_03.PantallaBienvenida <init>
INFORMACIÓN: Inicializando PantallaBienvenida...
jun 04, 2025 10:37:57 P. M. CC_vistaCodigoInterfaz_03.PantallaBienvenida <init>
INFORMACIÓN: PantallaBienvenida inicializada correctamente.
jun 04, 2025 10:38:04 P. M. CC_vistaCodigoInterfaz_03.PantallaBienvenida accionBoton
INFORMACIÓN: Botón presionado: Salir del Juego
jun 04, 2025 10:38:05 P. M. CC_vistaCodigoInterfaz_03.PantallaBienvenida confirmarSalida
INFORMACIÓN: Cerrando aplicación...
jun 04, 2025 10:39:13 P. M. CC_vistaCodigoInterfaz_03.PantallaBienvenida <init>
INFORMACIÓN: Inicializando PantallaBienvenida...
jun 04, 2025 10:39:13 P. M. CC_vistaCodigoInterfaz_03.PantallaBienvenida <init>
INFORMACIÓN: PantallaBienvenida inicializada correctamente.
jun 04, 2025 10:41:23 P. M. CC_vistaCodigoInterfaz_03.PantallaBienvenida <init>
INFORMACIÓN: Inicializando PantallaBienvenida...
jun 04, 2025 10:41:23 P. M. CC_vistaCodigoInterfaz_03.PantallaBienvenida <init>
INFORMACIÓN: PantallaBienvenida inicializada correctamente.
jun 04, 2025 10:48:25 P. M. CC_vistaCodigoInterfaz_03.PantallaBienvenida <init>
INFORMACIÓN: Inicializando PantallaBienvenida...
jun 04, 2025 10:48:25 P. M. CC_vistaCodigoInterfaz_03.PantallaBienvenida <init>
INFORMACIÓN: PantallaBienvenida inicializada correctamente.
jun 04, 2025 10:48:58 P. M. CC_vistaCodigoInterfaz_03.PantallaBienvenida <init>
INFORMACIÓN: Inicializando PantallaBienvenida...
jun 04, 2025 10:48:58 P. M. CC_vistaCodigoInterfaz_03.PantallaBienvenida <init>
INFORMACIÓN: PantallaBienvenida inicializada correctamente.
jun 04, 2025 10:49:16 P. M. CC_vistaCodigoInterfaz_03.PantallaBienvenida <init>
INFORMACIÓN: Inicializando PantallaBienvenida...
jun 04, 2025 10:49:16 P. M. CC_vistaCodigoInterfaz_03.PantallaBienvenida <init>
INFORMACIÓN: PantallaBienvenida inicializada correctamente.
jun 04, 2025 10:49:28 P. M. CC_vistaCodigoInterfaz_03.PantallaBienvenida <init>
INFORMACIÓN: Inicializando PantallaBienvenida...
jun 04, 2025 10:49:28 P. M. CC_vistaCodigoInterfaz_03.PantallaBienvenida <init>
INFORMACIÓN: PantallaBienvenida inicializada correctamente.
jun 04, 2025 10:49:33 P. M. CC_vistaCodigoInterfaz_03.PantallaBienvenida accionBoton
INFORMACIÓN: Botón presionado: Registrarse
jun 04, 2025 10:49:33 P. M. CC_vistaCodigoInterfaz_03.PantallaBienvenida abrirPantalla
INFORMACIÓN: Registrarse abierta correctamente.
jun 04, 2025 10:50:52 P. M. CC_vistaCodigoInterfaz_03.PantallaBienvenida <init>
INFORMACIÓN: Inicializando PantallaBienvenida...
jun 04, 2025 10:50:52 P. M. CC_vistaCodigoInterfaz_03.PantallaBienvenida <init>
INFORMACIÓN: PantallaBienvenida inicializada correctamente.
jun 04, 2025 10:50:55 P. M. CC_vistaCodigoInterfaz_03.PantallaBienvenida accionBoton
INFORMACIÓN: Botón presionado: Registrarse
jun 04, 2025 10:50:55 P. M. CC_vistaCodigoInterfaz_03.PantallaBienvenida abrirPantalla
INFORMACIÓN: Registrarse abierta correctamente.
jun 04, 2025 10:57:46 P. M. CC_vistaCodigoInterfaz_03.PantallaBienvenida <init>
INFORMACIÓN: Inicializando PantallaBienvenida...
jun 04, 2025 10:57:46 P. M. CC_vistaCodigoInterfaz_03.PantallaBienvenida <init>
INFORMACIÓN: PantallaBienvenida inicializada correctamente.
jun 04, 2025 10:58:44 P. M. CC_vistaCodigoInterfaz_03.PantallaBienvenida accionBoton
INFORMACIÓN: Botón presionado: Registrarse
jun 04, 2025 10:58:44 P. M. CC_vistaCodigoInterfaz_03.PantallaBienvenida abrirPantalla
INFORMACIÓN: Registrarse abierta correctamente.
jun 04, 2025 11:00:29 P. M. CC_vistaCodigoInterfaz_03.PantallaBienvenida <init>
INFORMACIÓN: Inicializando PantallaBienvenida...
jun 04, 2025 11:00:29 P. M. CC_vistaCodigoInterfaz_03.PantallaBienvenida <init>
INFORMACIÓN: PantallaBienvenida inicializada correctamente.
jun 04, 2025 11:02:19 P. M. CC_vistaCodigoInterfaz_03.PantallaBienvenida <init>
INFORMACIÓN: Inicializando PantallaBienvenida...
jun 04, 2025 11:02:19 P. M. CC_vistaCodigoInterfaz_03.PantallaBienvenida <init>
INFORMACIÓN: PantallaBienvenida inicializada correctamente.
jun 04, 2025 11:02:31 P. M. CC_vistaCodigoInterfaz_03.PantallaBienvenida accionBoton
INFORMACIÓN: Botón presionado: Registrarse
jun 04, 2025 11:02:31 P. M. CC_vistaCodigoInterfaz_03.PantallaBienvenida abrirPantalla
INFORMACIÓN: Registrarse abierta correctamente.
jun 04, 2025 11:03:51 P. M. CC_vistaCodigoInterfaz_03.PantallaBienvenida <init>
INFORMACIÓN: Inicializando PantallaBienvenida...
jun 04, 2025 11:03:51 P. M. CC_vistaCodigoInterfaz_03.PantallaBienvenida <init>
INFORMACIÓN: PantallaBienvenida inicializada correctamente.
jun 04, 2025 11:03:53 P. M. CC_vistaCodigoInterfaz_03.PantallaBienvenida accionBoton
INFORMACIÓN: Botón presionado: Registrarse
jun 04, 2025 11:03:53 P. M. CC_vistaCodigoInterfaz_03.PantallaBienvenida abrirPantalla
INFORMACIÓN: Registrarse abierta correctamente.
