de juny 02, 2025 3:33:37 P. M. AA_mainCodigo.Principal main
INFO: Iniciando respaldo automático...
de juny 02, 2025 3:36:54 P. M. AA_mainCodigo.Principal main
INFO: Iniciando respaldo automático...
de juny 02, 2025 4:16:47 P. M. AA_mainCodigo.Principal main
INFO: Iniciando respaldo automático...
de juny 02, 2025 4:52:39 P. M. AA_mainCodigo.Principal main
INFO: Iniciando respaldo automático...
de juny 02, 2025 4:53:16 P. M. AA_mainCodigo.Principal main
INFO: Iniciando respaldo automático...
de juny 02, 2025 4:57:07 P. M. AA_mainCodigo.Principal main
INFO: Iniciando respaldo automático...
de juny 02, 2025 4:58:39 P. M. AA_mainCodigo.Principal main
INFO: Iniciando respaldo automático...
de juny 02, 2025 5:29:22 P. M. AA_mainCodigo.Principal main
INFO: Iniciando respaldo automático...
de juny 02, 2025 6:38:41 P. M. AA_mainCodigo.Principal main
INFO: Iniciando respaldo automático...
de juny 02, 2025 6:41:31 P. M. AA_mainCodigo.Principal main
INFO: Iniciando respaldo automático...
de juny 04, 2025 3:40:09 P. M. AA_mainCodigo.Principal main
INFO: Iniciando respaldo automático...
de juny 04, 2025 6:50:33 P. M. AA_mainCodigo.Principal main
INFO: Iniciando respaldo automático...
de juny 04, 2025 6:53:05 P. M. AA_mainCodigo.Principal main
INFO: Iniciando respaldo automático...
de juny 04, 2025 6:54:54 P. M. AA_mainCodigo.Principal main
INFO: Iniciando respaldo automático...
de juny 04, 2025 6:58:06 P. M. AA_mainCodigo.Principal main
INFO: Iniciando respaldo automático...
de juny 04, 2025 6:58:21 P. M. AA_mainCodigo.Principal main
INFO: Iniciando respaldo automático...
de juny 04, 2025 6:59:10 P. M. AA_mainCodigo.Principal main
INFO: Iniciando respaldo automático...
de juny 04, 2025 6:59:45 P. M. AA_mainCodigo.Principal main
INFO: Iniciando respaldo automático...
de juny 04, 2025 7:34:15 P. M. AA_mainCodigo.Principal main
INFO: Iniciando respaldo automático...
de juny 04, 2025 7:46:31 P. M. AA_mainCodigo.Principal main
INFO: Iniciando respaldo automático...
de juny 04, 2025 7:48:49 P. M. AA_mainCodigo.Principal main
INFO: Iniciando respaldo automático...
jun 04, 2025 10:24:13 P. M. AA_mainCodigo.Principal main
INFORMACIÓN: Iniciando respaldo automático...
jun 04, 2025 10:29:37 P. M. AA_mainCodigo.Principal main
INFORMACIÓN: Iniciando respaldo automático...
jun 04, 2025 10:37:57 P. M. AA_mainCodigo.Principal main
INFORMACIÓN: Iniciando respaldo automático...
jun 04, 2025 10:39:09 P. M. AA_mainCodigo.Principal main
INFORMACIÓN: Iniciando juego...
jun 04, 2025 10:39:11 P. M. AA_mainCodigo.Principal main
INFORMACIÓN: Cargando base de datos...
jun 04, 2025 10:39:13 P. M. AA_mainCodigo.Principal main
INFORMACIÓN: Iniciando respaldo automático...
jun 04, 2025 10:41:19 P. M. AA_mainCodigo.Principal main
INFORMACIÓN: Iniciando juego...
jun 04, 2025 10:41:21 P. M. AA_mainCodigo.Principal main
INFORMACIÓN: Cargando base de datos...
jun 04, 2025 10:41:23 P. M. AA_mainCodigo.Principal main
INFORMACIÓN: Iniciando respaldo automático...
jun 04, 2025 10:48:20 P. M. AA_mainCodigo.Principal main
INFORMACIÓN: Iniciando juego...
jun 04, 2025 10:48:22 P. M. AA_mainCodigo.Principal main
INFORMACIÓN: Cargando base de datos...
jun 04, 2025 10:48:24 P. M. AA_mainCodigo.Principal main
INFORMACIÓN: Iniciando respaldo automático...
jun 04, 2025 10:48:54 P. M. AA_mainCodigo.Principal main
INFORMACIÓN: Iniciando juego...
jun 04, 2025 10:48:56 P. M. AA_mainCodigo.Principal main
INFORMACIÓN: Cargando base de datos...
jun 04, 2025 10:48:58 P. M. AA_mainCodigo.Principal main
INFORMACIÓN: Iniciando respaldo automático...
jun 04, 2025 10:49:12 P. M. AA_mainCodigo.Principal main
INFORMACIÓN: Iniciando juego...
jun 04, 2025 10:49:14 P. M. AA_mainCodigo.Principal main
INFORMACIÓN: Cargando base de datos...
jun 04, 2025 10:49:16 P. M. AA_mainCodigo.Principal main
INFORMACIÓN: Iniciando respaldo automático...
jun 04, 2025 10:49:24 P. M. AA_mainCodigo.Principal main
INFORMACIÓN: Iniciando juego...
jun 04, 2025 10:49:26 P. M. AA_mainCodigo.Principal main
INFORMACIÓN: Cargando base de datos...
jun 04, 2025 10:49:28 P. M. AA_mainCodigo.Principal main
INFORMACIÓN: Iniciando respaldo automático...
jun 04, 2025 10:50:48 P. M. AA_mainCodigo.Principal main
INFORMACIÓN: Iniciando juego...
jun 04, 2025 10:50:50 P. M. AA_mainCodigo.Principal main
INFORMACIÓN: Cargando base de datos...
jun 04, 2025 10:50:52 P. M. AA_mainCodigo.Principal main
INFORMACIÓN: Iniciando respaldo automático...
jun 04, 2025 10:57:42 P. M. AA_mainCodigo.Principal main
INFORMACIÓN: Iniciando juego...
jun 04, 2025 10:57:44 P. M. AA_mainCodigo.Principal main
INFORMACIÓN: Cargando base de datos...
jun 04, 2025 10:57:46 P. M. AA_mainCodigo.Principal main
INFORMACIÓN: Iniciando respaldo automático...
jun 04, 2025 11:00:25 P. M. AA_mainCodigo.Principal main
INFORMACIÓN: Iniciando juego...
jun 04, 2025 11:00:27 P. M. AA_mainCodigo.Principal main
INFORMACIÓN: Cargando base de datos...
jun 04, 2025 11:00:29 P. M. AA_mainCodigo.Principal main
INFORMACIÓN: Iniciando respaldo automático...
jun 04, 2025 11:02:15 P. M. AA_mainCodigo.Principal main
INFORMACIÓN: Iniciando juego...
jun 04, 2025 11:02:17 P. M. AA_mainCodigo.Principal main
INFORMACIÓN: Cargando base de datos...
jun 04, 2025 11:02:19 P. M. AA_mainCodigo.Principal main
INFORMACIÓN: Iniciando respaldo automático...
jun 04, 2025 11:03:47 P. M. AA_mainCodigo.Principal main
INFORMACIÓN: Iniciando juego...
jun 04, 2025 11:03:49 P. M. AA_mainCodigo.Principal main
INFORMACIÓN: Cargando base de datos...
jun 04, 2025 11:03:51 P. M. AA_mainCodigo.Principal main
INFORMACIÓN: Iniciando respaldo automático...
